# JRE version: OpenJDK Runtime Environment (17.0.6) (build 17.0.6+0-b2043.56-10027231)
# Java VM: OpenJDK 64-Bit Server VM (17.0.6+0-b2043.56-10027231, mixed mode, tiered, compressed oops, compressed class ptrs, g1 gc, windows-amd64)
GC Precious Log:
 CPUs: 12 total, 12 available
 Memory: 7962M
 Large Page Support: Disabled
 NUMA Support: Disabled
 Compressed Oops: Enabled (32-bit)
 Heap Region Size: 1M
 Heap Min Capacity: 8M
 Heap Initial Capacity: 126M
 Heap Max Capacity: 2G
 Pre-touch: Disabled
 Parallel Workers: 10
 Concurrent Workers: 3
 Concurrent Refinement Workers: 10
 Periodic GC: Disabled
Heap:
 garbage-first heap   total 512000K, used 238592K [0x0000000080000000, 0x0000000100000000)
  region size 1024K, 27 young (27648K), 1 survivors (1024K)
 Metaspace       used 130794K, committed 131648K, reserved 1163264K
  class space    used 17300K, committed 17728K, reserved 1048576K
GC Heap History (20 events):
Event: 55.429 GC heap before
{Heap before GC invocations=38 (full 0):
 garbage-first heap   total 254976K, used 173358K [0x0000000080000000, 0x0000000100000000)
  region size 1024K, 69 young (70656K), 2 survivors (2048K)
 Metaspace       used 112261K, committed 113088K, reserved 1155072K
  class space    used 14794K, committed 15232K, reserved 1048576K
}
Event: 55.436 GC heap after
{Heap after GC invocations=39 (full 0):
 garbage-first heap   total 254976K, used 119191K [0x0000000080000000, 0x0000000100000000)
  region size 1024K, 12 young (12288K), 12 survivors (12288K)
 Metaspace       used 112261K, committed 113088K, reserved 1155072K
  class space    used 14794K, committed 15232K, reserved 1048576K
}
Event: 56.084 GC heap before
{Heap before GC invocations=40 (full 0):
 garbage-first heap   total 254976K, used 223639K [0x0000000080000000, 0x0000000100000000)
  region size 1024K, 86 young (88064K), 12 survivors (12288K)
 Metaspace       used 112478K, committed 113344K, reserved 1155072K
  class space    used 14798K, committed 15232K, reserved 1048576K
}
Event: 56.102 GC heap after
{Heap after GC invocations=41 (full 0):
 garbage-first heap   total 262144K, used 149194K [0x0000000080000000, 0x0000000100000000)
  region size 1024K, 11 young (11264K), 11 survivors (11264K)
 Metaspace       used 112478K, committed 113344K, reserved 1155072K
  class space    used 14798K, committed 15232K, reserved 1048576K
}
Event: 56.126 GC heap before
{Heap before GC invocations=41 (full 0):
 garbage-first heap   total 262144K, used 154314K [0x0000000080000000, 0x0000000100000000)
  region size 1024K, 12 young (12288K), 11 survivors (11264K)
 Metaspace       used 112515K, committed 113344K, reserved 1155072K
  class space    used 14801K, committed 15232K, reserved 1048576K
}
Event: 56.136 GC heap after
{Heap after GC invocations=42 (full 0):
 garbage-first heap   total 262144K, used 143722K [0x0000000080000000, 0x0000000100000000)
  region size 1024K, 2 young (2048K), 2 survivors (2048K)
 Metaspace       used 112515K, committed 113344K, reserved 1155072K
  class space    used 14801K, committed 15232K, reserved 1048576K
}
Event: 56.309 GC heap before
{Heap before GC invocations=42 (full 0):
 garbage-first heap   total 262144K, used 202090K [0x0000000080000000, 0x0000000100000000)
  region size 1024K, 60 young (61440K), 2 survivors (2048K)
 Metaspace       used 114849K, committed 115712K, reserved 1155072K
  class space    used 14995K, committed 15424K, reserved 1048576K
}
Event: 56.315 GC heap after
{Heap after GC invocations=43 (full 0):
 garbage-first heap   total 524288K, used 150143K [0x0000000080000000, 0x0000000100000000)
  region size 1024K, 8 young (8192K), 8 survivors (8192K)
 Metaspace       used 114849K, committed 115712K, reserved 1155072K
  class space    used 14995K, committed 15424K, reserved 1048576K
}
Event: 57.160 GC heap before
{Heap before GC invocations=44 (full 0):
 garbage-first heap   total 512000K, used 331391K [0x0000000080000000, 0x0000000100000000)
  region size 1024K, 187 young (191488K), 8 survivors (8192K)
 Metaspace       used 119221K, committed 120064K, reserved 1155072K
  class space    used 15512K, committed 15936K, reserved 1048576K
}
Event: 57.171 GC heap after
{Heap after GC invocations=45 (full 0):
 garbage-first heap   total 512000K, used 148814K [0x0000000080000000, 0x0000000100000000)
  region size 1024K, 12 young (12288K), 12 survivors (12288K)
 Metaspace       used 119221K, committed 120064K, reserved 1155072K
  class space    used 15512K, committed 15936K, reserved 1048576K
}
Event: 57.219 GC heap before
{Heap before GC invocations=45 (full 0):
 garbage-first heap   total 512000K, used 166222K [0x0000000080000000, 0x0000000100000000)
  region size 1024K, 25 young (25600K), 12 survivors (12288K)
 Metaspace       used 120092K, committed 120960K, reserved 1155072K
  class space    used 15621K, committed 16064K, reserved 1048576K
}
Event: 57.226 GC heap after
{Heap after GC invocations=46 (full 0):
 garbage-first heap   total 512000K, used 139974K [0x0000000080000000, 0x0000000100000000)
  region size 1024K, 3 young (3072K), 3 survivors (3072K)
 Metaspace       used 120092K, committed 120960K, reserved 1155072K
  class space    used 15621K, committed 16064K, reserved 1048576K
}
Event: 58.295 GC heap before
{Heap before GC invocations=46 (full 0):
 garbage-first heap   total 512000K, used 431814K [0x0000000080000000, 0x0000000100000000)
  region size 1024K, 262 young (268288K), 3 survivors (3072K)
 Metaspace       used 128066K, committed 128960K, reserved 1163264K
  class space    used 16955K, committed 17408K, reserved 1048576K
}
Event: 58.338 GC heap after
{Heap after GC invocations=47 (full 0):
 garbage-first heap   total 512000K, used 202113K [0x0000000080000000, 0x0000000100000000)
  region size 1024K, 33 young (33792K), 33 survivors (33792K)
 Metaspace       used 128066K, committed 128960K, reserved 1163264K
  class space    used 16955K, committed 17408K, reserved 1048576K
}
Event: 58.503 GC heap before
{Heap before GC invocations=47 (full 0):
 garbage-first heap   total 512000K, used 236929K [0x0000000080000000, 0x0000000100000000)
  region size 1024K, 69 young (70656K), 33 survivors (33792K)
 Metaspace       used 128529K, committed 129408K, reserved 1163264K
  class space    used 17014K, committed 17472K, reserved 1048576K
}
Event: 58.523 GC heap after
{Heap after GC invocations=48 (full 0):
 garbage-first heap   total 512000K, used 208351K [0x0000000080000000, 0x0000000100000000)
  region size 1024K, 5 young (5120K), 5 survivors (5120K)
 Metaspace       used 128529K, committed 129408K, reserved 1163264K
  class space    used 17014K, committed 17472K, reserved 1048576K
}
Event: 59.699 GC heap before
{Heap before GC invocations=49 (full 0):
 garbage-first heap   total 512000K, used 413151K [0x0000000080000000, 0x0000000100000000)
  region size 1024K, 174 young (178176K), 5 survivors (5120K)
 Metaspace       used 129413K, committed 130304K, reserved 1163264K
  class space    used 17110K, committed 17600K, reserved 1048576K
}
Event: 59.708 GC heap after
{Heap after GC invocations=50 (full 0):
 garbage-first heap   total 512000K, used 245642K [0x0000000080000000, 0x0000000100000000)
  region size 1024K, 11 young (11264K), 11 survivors (11264K)
 Metaspace       used 129413K, committed 130304K, reserved 1163264K
  class space    used 17110K, committed 17600K, reserved 1048576K
}
Event: 169.715 GC heap before
{Heap before GC invocations=50 (full 0):
 garbage-first heap   total 512000K, used 279434K [0x0000000080000000, 0x0000000100000000)
  region size 1024K, 25 young (25600K), 11 survivors (11264K)
 Metaspace       used 129626K, committed 130496K, reserved 1163264K
  class space    used 17134K, committed 17600K, reserved 1048576K
}
Event: 169.724 GC heap after
{Heap after GC invocations=51 (full 0):
 garbage-first heap   total 512000K, used 214016K [0x0000000080000000, 0x0000000100000000)
  region size 1024K, 1 young (1024K), 1 survivors (1024K)
 Metaspace       used 129626K, committed 130496K, reserved 1163264K
  class space    used 17134K, committed 17600K, reserved 1048576K
}

