# JRE version: OpenJDK Runtime Environment (17.0.6) (build 17.0.6+0-b2043.56-10027231)
# Java VM: OpenJDK 64-Bit Server VM (17.0.6+0-b2043.56-10027231, mixed mode, tiered, compressed oops, compressed class ptrs, g1 gc, windows-amd64)
GC Precious Log:
 CPUs: 12 total, 12 available
 Memory: 7962M
 Large Page Support: Disabled
 NUMA Support: Disabled
 Compressed Oops: Enabled (32-bit)
 Heap Region Size: 1M
 Heap Min Capacity: 8M
 Heap Initial Capacity: 126M
 Heap Max Capacity: 2G
 Pre-touch: Disabled
 Parallel Workers: 10
 Concurrent Workers: 3
 Concurrent Refinement Workers: 10
 Periodic GC: Disabled
Heap:
 garbage-first heap   total 211968K, used 118897K [0x0000000080000000, 0x0000000100000000)
  region size 1024K, 1 young (1024K), 1 survivors (1024K)
 Metaspace       used 100600K, committed 101312K, reserved 1138688K
  class space    used 13613K, committed 13952K, reserved 1048576K
GC Heap History (20 events):
Event: 9.310 GC heap after
{Heap after GC invocations=33 (full 0):
 garbage-first heap   total 151552K, used 71170K [0x0000000080000000, 0x0000000100000000)
  region size 1024K, 7 young (7168K), 7 survivors (7168K)
 Metaspace       used 89534K, committed 90240K, reserved 1130496K
  class space    used 12164K, committed 12480K, reserved 1048576K
}
Event: 9.763 GC heap before
{Heap before GC invocations=33 (full 0):
 garbage-first heap   total 151552K, used 119298K [0x0000000080000000, 0x0000000100000000)
  region size 1024K, 53 young (54272K), 7 survivors (7168K)
 Metaspace       used 92772K, committed 93440K, reserved 1130496K
  class space    used 12541K, committed 12864K, reserved 1048576K
}
Event: 9.771 GC heap after
{Heap after GC invocations=34 (full 0):
 garbage-first heap   total 151552K, used 78651K [0x0000000080000000, 0x0000000100000000)
  region size 1024K, 7 young (7168K), 7 survivors (7168K)
 Metaspace       used 92772K, committed 93440K, reserved 1130496K
  class space    used 12541K, committed 12864K, reserved 1048576K
}
Event: 9.967 GC heap before
{Heap before GC invocations=34 (full 0):
 garbage-first heap   total 151552K, used 119611K [0x0000000080000000, 0x0000000100000000)
  region size 1024K, 47 young (48128K), 7 survivors (7168K)
 Metaspace       used 93303K, committed 93952K, reserved 1130496K
  class space    used 12663K, committed 12992K, reserved 1048576K
}
Event: 9.973 GC heap after
{Heap after GC invocations=35 (full 0):
 garbage-first heap   total 182272K, used 84073K [0x0000000080000000, 0x0000000100000000)
  region size 1024K, 5 young (5120K), 5 survivors (5120K)
 Metaspace       used 93303K, committed 93952K, reserved 1130496K
  class space    used 12663K, committed 12992K, reserved 1048576K
}
Event: 10.442 GC heap before
{Heap before GC invocations=36 (full 0):
 garbage-first heap   total 182272K, used 141417K [0x0000000080000000, 0x0000000100000000)
  region size 1024K, 62 young (63488K), 5 survivors (5120K)
 Metaspace       used 93947K, committed 94656K, reserved 1138688K
  class space    used 12715K, committed 13056K, reserved 1048576K
}
Event: 10.447 GC heap after
{Heap after GC invocations=37 (full 0):
 garbage-first heap   total 182272K, used 88895K [0x0000000080000000, 0x0000000100000000)
  region size 1024K, 7 young (7168K), 7 survivors (7168K)
 Metaspace       used 93947K, committed 94656K, reserved 1138688K
  class space    used 12715K, committed 13056K, reserved 1048576K
}
Event: 10.448 GC heap before
{Heap before GC invocations=37 (full 0):
 garbage-first heap   total 182272K, used 89919K [0x0000000080000000, 0x0000000100000000)
  region size 1024K, 8 young (8192K), 7 survivors (7168K)
 Metaspace       used 93951K, committed 94656K, reserved 1138688K
  class space    used 12715K, committed 13056K, reserved 1048576K
}
Event: 10.452 GC heap after
{Heap after GC invocations=38 (full 0):
 garbage-first heap   total 182272K, used 88474K [0x0000000080000000, 0x0000000100000000)
  region size 1024K, 1 young (1024K), 1 survivors (1024K)
 Metaspace       used 93951K, committed 94656K, reserved 1138688K
  class space    used 12715K, committed 13056K, reserved 1048576K
}
Event: 10.813 GC heap before
{Heap before GC invocations=38 (full 0):
 garbage-first heap   total 182272K, used 143770K [0x0000000080000000, 0x0000000100000000)
  region size 1024K, 56 young (57344K), 1 survivors (1024K)
 Metaspace       used 95033K, committed 95744K, reserved 1138688K
  class space    used 12873K, committed 13184K, reserved 1048576K
}
Event: 10.819 GC heap after
{Heap after GC invocations=39 (full 0):
 garbage-first heap   total 182272K, used 93965K [0x0000000080000000, 0x0000000100000000)
  region size 1024K, 7 young (7168K), 7 survivors (7168K)
 Metaspace       used 95033K, committed 95744K, reserved 1138688K
  class space    used 12873K, committed 13184K, reserved 1048576K
}
Event: 11.058 GC heap before
{Heap before GC invocations=40 (full 0):
 garbage-first heap   total 182272K, used 144141K [0x0000000080000000, 0x0000000100000000)
  region size 1024K, 57 young (58368K), 7 survivors (7168K)
 Metaspace       used 96502K, committed 97216K, reserved 1138688K
  class space    used 13037K, committed 13376K, reserved 1048576K
}
Event: 11.065 GC heap after
{Heap after GC invocations=41 (full 0):
 garbage-first heap   total 182272K, used 97893K [0x0000000080000000, 0x0000000100000000)
  region size 1024K, 6 young (6144K), 6 survivors (6144K)
 Metaspace       used 96502K, committed 97216K, reserved 1138688K
  class space    used 13037K, committed 13376K, reserved 1048576K
}
Event: 11.076 GC heap before
{Heap before GC invocations=41 (full 0):
 garbage-first heap   total 182272K, used 99941K [0x0000000080000000, 0x0000000100000000)
  region size 1024K, 8 young (8192K), 6 survivors (6144K)
 Metaspace       used 96528K, committed 97280K, reserved 1138688K
  class space    used 13038K, committed 13376K, reserved 1048576K
}
Event: 11.080 GC heap after
{Heap after GC invocations=42 (full 0):
 garbage-first heap   total 182272K, used 97013K [0x0000000080000000, 0x0000000100000000)
  region size 1024K, 1 young (1024K), 1 survivors (1024K)
 Metaspace       used 96528K, committed 97280K, reserved 1138688K
  class space    used 13038K, committed 13376K, reserved 1048576K
}
Event: 11.462 GC heap before
{Heap before GC invocations=42 (full 0):
 garbage-first heap   total 182272K, used 157429K [0x0000000080000000, 0x0000000100000000)
  region size 1024K, 50 young (51200K), 1 survivors (1024K)
 Metaspace       used 97924K, committed 98688K, reserved 1138688K
  class space    used 13235K, committed 13632K, reserved 1048576K
}
Event: 11.467 GC heap after
{Heap after GC invocations=43 (full 0):
 garbage-first heap   total 182272K, used 116597K [0x0000000080000000, 0x0000000100000000)
  region size 1024K, 7 young (7168K), 7 survivors (7168K)
 Metaspace       used 97924K, committed 98688K, reserved 1138688K
  class space    used 13235K, committed 13632K, reserved 1048576K
}
Event: 11.633 GC heap before
{Heap before GC invocations=44 (full 0):
 garbage-first heap   total 211968K, used 149365K [0x0000000080000000, 0x0000000100000000)
  region size 1024K, 39 young (39936K), 7 survivors (7168K)
 Metaspace       used 100418K, committed 101184K, reserved 1138688K
  class space    used 13588K, committed 13952K, reserved 1048576K
}
Event: 11.637 GC heap after
{Heap after GC invocations=45 (full 0):
 garbage-first heap   total 211968K, used 119320K [0x0000000080000000, 0x0000000100000000)
  region size 1024K, 3 young (3072K), 3 survivors (3072K)
 Metaspace       used 100418K, committed 101184K, reserved 1138688K
  class space    used 13588K, committed 13952K, reserved 1048576K
}
Event: 11.653 GC heap before
{Heap before GC invocations=45 (full 0):
 garbage-first heap   total 211968K, used 126488K [0x0000000080000000, 0x0000000100000000)
  region size 1024K, 10 young (10240K), 3 survivors (3072K)
 Metaspace       used 100600K, committed 101312K, reserved 1138688K
  class space    used 13613K, committed 13952K, reserved 1048576K
}

