# JRE version: OpenJDK Runtime Environment (17.0.6) (build 17.0.6+0-b2043.56-10027231)
# Java VM: OpenJDK 64-Bit Server VM (17.0.6+0-b2043.56-10027231, mixed mode, tiered, compressed oops, compressed class ptrs, g1 gc, windows-amd64)
GC Precious Log:
 CPUs: 12 total, 12 available
 Memory: 7962M
 Large Page Support: Disabled
 NUMA Support: Disabled
 Compressed Oops: Enabled (32-bit)
 Heap Region Size: 1M
 Heap Min Capacity: 8M
 Heap Initial Capacity: 126M
 Heap Max Capacity: 2G
 Pre-touch: Disabled
 Parallel Workers: 10
 Concurrent Workers: 3
 Concurrent Refinement Workers: 10
 Periodic GC: Disabled
Heap:
 garbage-first heap   total 351232K, used 253287K [0x0000000080000000, 0x0000000100000000)
  region size 1024K, 4 young (4096K), 4 survivors (4096K)
 Metaspace       used 115753K, committed 116544K, reserved 1155072K
  class space    used 15894K, committed 16256K, reserved 1048576K
GC Heap History (20 events):
Event: 8.289 GC heap after
{Heap after GC invocations=39 (full 0):
 garbage-first heap   total 172032K, used 90308K [0x0000000080000000, 0x0000000100000000)
  region size 1024K, 4 young (4096K), 4 survivors (4096K)
 Metaspace       used 96719K, committed 97344K, reserved 1138688K
  class space    used 13120K, committed 13440K, reserved 1048576K
}
Event: 8.309 GC heap before
{Heap before GC invocations=39 (full 0):
 garbage-first heap   total 172032K, used 94404K [0x0000000080000000, 0x0000000100000000)
  region size 1024K, 8 young (8192K), 4 survivors (4096K)
 Metaspace       used 96834K, committed 97472K, reserved 1138688K
  class space    used 13142K, committed 13440K, reserved 1048576K
}
Event: 8.312 GC heap after
{Heap after GC invocations=40 (full 0):
 garbage-first heap   total 172032K, used 89741K [0x0000000080000000, 0x0000000100000000)
  region size 1024K, 1 young (1024K), 1 survivors (1024K)
 Metaspace       used 96834K, committed 97472K, reserved 1138688K
  class space    used 13142K, committed 13440K, reserved 1048576K
}
Event: 8.511 GC heap before
{Heap before GC invocations=40 (full 0):
 garbage-first heap   total 172032K, used 137869K [0x0000000080000000, 0x0000000100000000)
  region size 1024K, 49 young (50176K), 1 survivors (1024K)
 Metaspace       used 97582K, committed 98240K, reserved 1138688K
  class space    used 13224K, committed 13504K, reserved 1048576K
}
Event: 8.516 GC heap after
{Heap after GC invocations=41 (full 0):
 garbage-first heap   total 351232K, used 94149K [0x0000000080000000, 0x0000000100000000)
  region size 1024K, 6 young (6144K), 6 survivors (6144K)
 Metaspace       used 97582K, committed 98240K, reserved 1138688K
  class space    used 13224K, committed 13504K, reserved 1048576K
}
Event: 9.540 GC heap before
{Heap before GC invocations=42 (full 0):
 garbage-first heap   total 351232K, used 289733K [0x0000000080000000, 0x0000000100000000)
  region size 1024K, 157 young (160768K), 6 survivors (6144K)
 Metaspace       used 105057K, committed 105792K, reserved 1146880K
  class space    used 14453K, committed 14848K, reserved 1048576K
}
Event: 9.564 GC heap after
{Heap after GC invocations=43 (full 0):
 garbage-first heap   total 351232K, used 152353K [0x0000000080000000, 0x0000000100000000)
  region size 1024K, 20 young (20480K), 20 survivors (20480K)
 Metaspace       used 105057K, committed 105792K, reserved 1146880K
  class space    used 14453K, committed 14848K, reserved 1048576K
}
Event: 9.567 GC heap before
{Heap before GC invocations=43 (full 0):
 garbage-first heap   total 351232K, used 153377K [0x0000000080000000, 0x0000000100000000)
  region size 1024K, 21 young (21504K), 20 survivors (20480K)
 Metaspace       used 105064K, committed 105792K, reserved 1146880K
  class space    used 14453K, committed 14848K, reserved 1048576K
}
Event: 9.578 GC heap after
{Heap after GC invocations=44 (full 0):
 garbage-first heap   total 351232K, used 152865K [0x0000000080000000, 0x0000000100000000)
  region size 1024K, 2 young (2048K), 2 survivors (2048K)
 Metaspace       used 105064K, committed 105792K, reserved 1146880K
  class space    used 14453K, committed 14848K, reserved 1048576K
}
Event: 9.868 GC heap before
{Heap before GC invocations=44 (full 0):
 garbage-first heap   total 351232K, used 248097K [0x0000000080000000, 0x0000000100000000)
  region size 1024K, 95 young (97280K), 2 survivors (2048K)
 Metaspace       used 106309K, committed 107072K, reserved 1146880K
  class space    used 14607K, committed 14976K, reserved 1048576K
}
Event: 9.893 GC heap after
{Heap after GC invocations=45 (full 0):
 garbage-first heap   total 351232K, used 197270K [0x0000000080000000, 0x0000000100000000)
  region size 1024K, 12 young (12288K), 12 survivors (12288K)
 Metaspace       used 106309K, committed 107072K, reserved 1146880K
  class space    used 14607K, committed 14976K, reserved 1048576K
}
Event: 10.384 GC heap before
{Heap before GC invocations=45 (full 0):
 garbage-first heap   total 351232K, used 259734K [0x0000000080000000, 0x0000000100000000)
  region size 1024K, 74 young (75776K), 12 survivors (12288K)
 Metaspace       used 109524K, committed 110272K, reserved 1146880K
  class space    used 15071K, committed 15424K, reserved 1048576K
}
Event: 10.396 GC heap after
{Heap after GC invocations=46 (full 0):
 garbage-first heap   total 351232K, used 205629K [0x0000000080000000, 0x0000000100000000)
  region size 1024K, 7 young (7168K), 7 survivors (7168K)
 Metaspace       used 109524K, committed 110272K, reserved 1146880K
  class space    used 15071K, committed 15424K, reserved 1048576K
}
Event: 10.914 GC heap before
{Heap before GC invocations=46 (full 0):
 garbage-first heap   total 351232K, used 279357K [0x0000000080000000, 0x0000000100000000)
  region size 1024K, 69 young (70656K), 7 survivors (7168K)
 Metaspace       used 110529K, committed 111296K, reserved 1146880K
  class space    used 15191K, committed 15552K, reserved 1048576K
}
Event: 10.921 GC heap after
{Heap after GC invocations=47 (full 0):
 garbage-first heap   total 351232K, used 220944K [0x0000000080000000, 0x0000000100000000)
  region size 1024K, 4 young (4096K), 4 survivors (4096K)
 Metaspace       used 110529K, committed 111296K, reserved 1146880K
  class space    used 15191K, committed 15552K, reserved 1048576K
}
Event: 11.130 GC heap before
{Heap before GC invocations=47 (full 0):
 garbage-first heap   total 351232K, used 284432K [0x0000000080000000, 0x0000000100000000)
  region size 1024K, 63 young (64512K), 4 survivors (4096K)
 Metaspace       used 111345K, committed 112064K, reserved 1146880K
  class space    used 15274K, committed 15616K, reserved 1048576K
}
Event: 11.136 GC heap after
{Heap after GC invocations=48 (full 0):
 garbage-first heap   total 351232K, used 228888K [0x0000000080000000, 0x0000000100000000)
  region size 1024K, 8 young (8192K), 8 survivors (8192K)
 Metaspace       used 111345K, committed 112064K, reserved 1146880K
  class space    used 15274K, committed 15616K, reserved 1048576K
}
Event: 11.378 GC heap before
{Heap before GC invocations=48 (full 0):
 garbage-first heap   total 351232K, used 292376K [0x0000000080000000, 0x0000000100000000)
  region size 1024K, 64 young (65536K), 8 survivors (8192K)
 Metaspace       used 113426K, committed 114240K, reserved 1155072K
  class space    used 15558K, committed 15936K, reserved 1048576K
}
Event: 11.386 GC heap after
{Heap after GC invocations=49 (full 0):
 garbage-first heap   total 351232K, used 241088K [0x0000000080000000, 0x0000000100000000)
  region size 1024K, 8 young (8192K), 8 survivors (8192K)
 Metaspace       used 113426K, committed 114240K, reserved 1155072K
  class space    used 15558K, committed 15936K, reserved 1048576K
}
Event: 11.509 GC heap before
{Heap before GC invocations=49 (full 0):
 garbage-first heap   total 351232K, used 300480K [0x0000000080000000, 0x0000000100000000)
  region size 1024K, 57 young (58368K), 8 survivors (8192K)
 Metaspace       used 115753K, committed 116544K, reserved 1155072K
  class space    used 15894K, committed 16256K, reserved 1048576K
}

