# JRE version: OpenJDK Runtime Environment (17.0.6) (build 17.0.6+0-b2043.56-10027231)
# Java VM: OpenJDK 64-Bit Server VM (17.0.6+0-b2043.56-10027231, mixed mode, tiered, compressed oops, compressed class ptrs, g1 gc, windows-amd64)
GC Precious Log:
 CPUs: 12 total, 12 available
 Memory: 7962M
 Large Page Support: Disabled
 NUMA Support: Disabled
 Compressed Oops: Enabled (32-bit)
 Heap Region Size: 1M
 Heap Min Capacity: 8M
 Heap Initial Capacity: 126M
 Heap Max Capacity: 2G
 Pre-touch: Disabled
 Parallel Workers: 10
 Concurrent Workers: 3
 Concurrent Refinement Workers: 10
 Periodic GC: Disabled
Heap:
 garbage-first heap   total 153600K, used 89921K [0x0000000080000000, 0x0000000100000000)
  region size 1024K, 28 young (28672K), 5 survivors (5120K)
 Metaspace       used 85717K, committed 86336K, reserved 1130496K
  class space    used 11541K, committed 11840K, reserved 1048576K
GC Heap History (20 events):
Event: 2.227 GC heap before
{Heap before GC invocations=6 (full 0):
 garbage-first heap   total 68608K, used 47627K [0x0000000080000000, 0x0000000100000000)
  region size 1024K, 30 young (30720K), 4 survivors (4096K)
 Metaspace       used 34830K, committed 35136K, reserved 1081344K
  class space    used 4820K, committed 4992K, reserved 1048576K
}
Event: 2.231 GC heap after
{Heap after GC invocations=7 (full 0):
 garbage-first heap   total 103424K, used 23565K [0x0000000080000000, 0x0000000100000000)
  region size 1024K, 4 young (4096K), 4 survivors (4096K)
 Metaspace       used 34830K, committed 35136K, reserved 1081344K
  class space    used 4820K, committed 4992K, reserved 1048576K
}
Event: 2.313 GC heap before
{Heap before GC invocations=7 (full 0):
 garbage-first heap   total 103424K, used 27661K [0x0000000080000000, 0x0000000100000000)
  region size 1024K, 9 young (9216K), 4 survivors (4096K)
 Metaspace       used 35647K, committed 35968K, reserved 1081344K
  class space    used 4903K, committed 5056K, reserved 1048576K
}
Event: 2.317 GC heap after
{Heap after GC invocations=8 (full 0):
 garbage-first heap   total 103424K, used 24385K [0x0000000080000000, 0x0000000100000000)
  region size 1024K, 4 young (4096K), 4 survivors (4096K)
 Metaspace       used 35647K, committed 35968K, reserved 1081344K
  class space    used 4903K, committed 5056K, reserved 1048576K
}
Event: 2.758 GC heap before
{Heap before GC invocations=9 (full 0):
 garbage-first heap   total 89088K, used 73537K [0x0000000080000000, 0x0000000100000000)
  region size 1024K, 51 young (52224K), 4 survivors (4096K)
 Metaspace       used 43156K, committed 43584K, reserved 1089536K
  class space    used 5670K, committed 5888K, reserved 1048576K
}
Event: 2.762 GC heap after
{Heap after GC invocations=10 (full 0):
 garbage-first heap   total 89088K, used 29414K [0x0000000080000000, 0x0000000100000000)
  region size 1024K, 7 young (7168K), 7 survivors (7168K)
 Metaspace       used 43156K, committed 43584K, reserved 1089536K
  class space    used 5670K, committed 5888K, reserved 1048576K
}
Event: 3.042 GC heap before
{Heap before GC invocations=10 (full 0):
 garbage-first heap   total 89088K, used 66278K [0x0000000080000000, 0x0000000100000000)
  region size 1024K, 43 young (44032K), 7 survivors (7168K)
 Metaspace       used 47207K, committed 47616K, reserved 1097728K
  class space    used 6223K, committed 6400K, reserved 1048576K
}
Event: 3.046 GC heap after
{Heap after GC invocations=11 (full 0):
 garbage-first heap   total 89088K, used 31832K [0x0000000080000000, 0x0000000100000000)
  region size 1024K, 3 young (3072K), 3 survivors (3072K)
 Metaspace       used 47207K, committed 47616K, reserved 1097728K
  class space    used 6223K, committed 6400K, reserved 1048576K
}
Event: 3.390 GC heap before
{Heap before GC invocations=11 (full 0):
 garbage-first heap   total 89088K, used 66648K [0x0000000080000000, 0x0000000100000000)
  region size 1024K, 37 young (37888K), 3 survivors (3072K)
 Metaspace       used 52013K, committed 52480K, reserved 1097728K
  class space    used 6977K, committed 7232K, reserved 1048576K
}
Event: 3.438 GC heap after
{Heap after GC invocations=12 (full 0):
 garbage-first heap   total 89088K, used 33110K [0x0000000080000000, 0x0000000100000000)
  region size 1024K, 4 young (4096K), 4 survivors (4096K)
 Metaspace       used 52013K, committed 52480K, reserved 1097728K
  class space    used 6977K, committed 7232K, reserved 1048576K
}
Event: 4.559 GC heap before
{Heap before GC invocations=12 (full 0):
 garbage-first heap   total 89088K, used 67926K [0x0000000080000000, 0x0000000100000000)
  region size 1024K, 39 young (39936K), 4 survivors (4096K)
 Metaspace       used 59417K, committed 59904K, reserved 1105920K
  class space    used 7913K, committed 8128K, reserved 1048576K
}
Event: 4.573 GC heap after
{Heap after GC invocations=13 (full 0):
 garbage-first heap   total 178176K, used 37080K [0x0000000080000000, 0x0000000100000000)
  region size 1024K, 5 young (5120K), 5 survivors (5120K)
 Metaspace       used 59417K, committed 59904K, reserved 1105920K
  class space    used 7913K, committed 8128K, reserved 1048576K
}
Event: 4.777 GC heap before
{Heap before GC invocations=13 (full 0):
 garbage-first heap   total 178176K, used 66776K [0x0000000080000000, 0x0000000100000000)
  region size 1024K, 36 young (36864K), 5 survivors (5120K)
 Metaspace       used 59867K, committed 60288K, reserved 1105920K
  class space    used 7958K, committed 8128K, reserved 1048576K
}
Event: 4.781 GC heap after
{Heap after GC invocations=14 (full 0):
 garbage-first heap   total 178176K, used 39943K [0x0000000080000000, 0x0000000100000000)
  region size 1024K, 8 young (8192K), 8 survivors (8192K)
 Metaspace       used 59867K, committed 60288K, reserved 1105920K
  class space    used 7958K, committed 8128K, reserved 1048576K
}
Event: 5.549 GC heap before
{Heap before GC invocations=15 (full 0):
 garbage-first heap   total 153600K, used 131079K [0x0000000080000000, 0x0000000100000000)
  region size 1024K, 90 young (92160K), 8 survivors (8192K)
 Metaspace       used 70567K, committed 71168K, reserved 1114112K
  class space    used 9320K, committed 9600K, reserved 1048576K
}
Event: 5.600 GC heap after
{Heap after GC invocations=16 (full 0):
 garbage-first heap   total 153600K, used 56451K [0x0000000080000000, 0x0000000100000000)
  region size 1024K, 12 young (12288K), 12 survivors (12288K)
 Metaspace       used 70567K, committed 71168K, reserved 1114112K
  class space    used 9320K, committed 9600K, reserved 1048576K
}
Event: 6.099 GC heap before
{Heap before GC invocations=16 (full 0):
 garbage-first heap   total 153600K, used 120963K [0x0000000080000000, 0x0000000100000000)
  region size 1024K, 73 young (74752K), 12 survivors (12288K)
 Metaspace       used 77116K, committed 77696K, reserved 1122304K
  class space    used 10193K, committed 10496K, reserved 1048576K
}
Event: 6.150 GC heap after
{Heap after GC invocations=17 (full 0):
 garbage-first heap   total 153600K, used 62861K [0x0000000080000000, 0x0000000100000000)
  region size 1024K, 5 young (5120K), 5 survivors (5120K)
 Metaspace       used 77116K, committed 77696K, reserved 1122304K
  class space    used 10193K, committed 10496K, reserved 1048576K
}
Event: 6.578 GC heap before
{Heap before GC invocations=17 (full 0):
 garbage-first heap   total 153600K, used 120205K [0x0000000080000000, 0x0000000100000000)
  region size 1024K, 61 young (62464K), 5 survivors (5120K)
 Metaspace       used 82875K, committed 83520K, reserved 1122304K
  class space    used 11039K, committed 11328K, reserved 1048576K
}
Event: 6.582 GC heap after
{Heap after GC invocations=18 (full 0):
 garbage-first heap   total 153600K, used 67393K [0x0000000080000000, 0x0000000100000000)
  region size 1024K, 5 young (5120K), 5 survivors (5120K)
 Metaspace       used 82875K, committed 83520K, reserved 1122304K
  class space    used 11039K, committed 11328K, reserved 1048576K
}

