# JRE version: OpenJDK Runtime Environment (17.0.6) (build 17.0.6+0-b2043.56-10027231)
# Java VM: OpenJDK 64-Bit Server VM (17.0.6+0-b2043.56-10027231, mixed mode, tiered, compressed oops, compressed class ptrs, g1 gc, windows-amd64)
GC Precious Log:
 CPUs: 12 total, 12 available
 Memory: 7962M
 Large Page Support: Disabled
 NUMA Support: Disabled
 Compressed Oops: Enabled (32-bit)
 Heap Region Size: 1M
 Heap Min Capacity: 8M
 Heap Initial Capacity: 126M
 Heap Max Capacity: 2G
 Pre-touch: Disabled
 Parallel Workers: 10
 Concurrent Workers: 3
 Concurrent Refinement Workers: 10
 Periodic GC: Disabled
Heap:
 garbage-first heap   total 239616K, used 108473K [0x0000000080000000, 0x0000000100000000)
  region size 1024K, 11 young (11264K), 11 survivors (11264K)
 Metaspace       used 107255K, committed 107968K, reserved 1146880K
  class space    used 14073K, committed 14400K, reserved 1048576K
GC Heap History (20 events):
Event: 19.135 GC heap after
{Heap after GC invocations=37 (full 0):
 garbage-first heap   total 197632K, used 112790K [0x0000000080000000, 0x0000000100000000)
  region size 1024K, 9 young (9216K), 9 survivors (9216K)
 Metaspace       used 97847K, committed 98624K, reserved 1138688K
  class space    used 13180K, committed 13568K, reserved 1048576K
}
Event: 19.549 GC heap before
{Heap before GC invocations=37 (full 0):
 garbage-first heap   total 197632K, used 168086K [0x0000000080000000, 0x0000000100000000)
  region size 1024K, 47 young (48128K), 9 survivors (9216K)
 Metaspace       used 98065K, committed 98816K, reserved 1138688K
  class space    used 13187K, committed 13568K, reserved 1048576K
}
Event: 19.555 GC heap after
{Heap after GC invocations=38 (full 0):
 garbage-first heap   total 197632K, used 118588K [0x0000000080000000, 0x0000000100000000)
  region size 1024K, 5 young (5120K), 5 survivors (5120K)
 Metaspace       used 98065K, committed 98816K, reserved 1138688K
  class space    used 13187K, committed 13568K, reserved 1048576K
}
Event: 19.644 GC heap before
{Heap before GC invocations=38 (full 0):
 garbage-first heap   total 197632K, used 155452K [0x0000000080000000, 0x0000000100000000)
  region size 1024K, 42 young (43008K), 5 survivors (5120K)
 Metaspace       used 98443K, committed 99136K, reserved 1138688K
  class space    used 13213K, committed 13568K, reserved 1048576K
}
Event: 19.649 GC heap after
{Heap after GC invocations=39 (full 0):
 garbage-first heap   total 197632K, used 125145K [0x0000000080000000, 0x0000000100000000)
  region size 1024K, 6 young (6144K), 6 survivors (6144K)
 Metaspace       used 98443K, committed 99136K, reserved 1138688K
  class space    used 13213K, committed 13568K, reserved 1048576K
}
Event: 19.788 GC heap before
{Heap before GC invocations=39 (full 0):
 garbage-first heap   total 197632K, used 158937K [0x0000000080000000, 0x0000000100000000)
  region size 1024K, 40 young (40960K), 6 survivors (6144K)
 Metaspace       used 101299K, committed 102016K, reserved 1138688K
  class space    used 13459K, committed 13824K, reserved 1048576K
}
Event: 19.793 GC heap after
{Heap after GC invocations=40 (full 0):
 garbage-first heap   total 239616K, used 131403K [0x0000000080000000, 0x0000000100000000)
  region size 1024K, 5 young (5120K), 5 survivors (5120K)
 Metaspace       used 101299K, committed 102016K, reserved 1138688K
  class space    used 13459K, committed 13824K, reserved 1048576K
}
Event: 19.900 GC heap before
{Heap before GC invocations=40 (full 0):
 garbage-first heap   total 239616K, used 185675K [0x0000000080000000, 0x0000000100000000)
  region size 1024K, 59 young (60416K), 5 survivors (5120K)
 Metaspace       used 101865K, committed 102592K, reserved 1138688K
  class space    used 13497K, committed 13824K, reserved 1048576K
}
Event: 19.903 GC heap after
{Heap after GC invocations=41 (full 0):
 garbage-first heap   total 239616K, used 132944K [0x0000000080000000, 0x0000000100000000)
  region size 1024K, 2 young (2048K), 2 survivors (2048K)
 Metaspace       used 101865K, committed 102592K, reserved 1138688K
  class space    used 13497K, committed 13824K, reserved 1048576K
}
Event: 20.087 GC heap before
{Heap before GC invocations=41 (full 0):
 garbage-first heap   total 239616K, used 199504K [0x0000000080000000, 0x0000000100000000)
  region size 1024K, 58 young (59392K), 2 survivors (2048K)
 Metaspace       used 102791K, committed 103488K, reserved 1146880K
  class space    used 13563K, committed 13888K, reserved 1048576K
}
Event: 20.093 GC heap after
{Heap after GC invocations=42 (full 0):
 garbage-first heap   total 239616K, used 139354K [0x0000000080000000, 0x0000000100000000)
  region size 1024K, 8 young (8192K), 8 survivors (8192K)
 Metaspace       used 102791K, committed 103488K, reserved 1146880K
  class space    used 13563K, committed 13888K, reserved 1048576K
}
Event: 20.612 GC heap before
{Heap before GC invocations=42 (full 0):
 garbage-first heap   total 239616K, used 191578K [0x0000000080000000, 0x0000000100000000)
  region size 1024K, 60 young (61440K), 8 survivors (8192K)
 Metaspace       used 103669K, committed 104384K, reserved 1146880K
  class space    used 13645K, committed 14016K, reserved 1048576K
}
Event: 20.615 GC heap after
{Heap after GC invocations=43 (full 0):
 garbage-first heap   total 239616K, used 137906K [0x0000000080000000, 0x0000000100000000)
  region size 1024K, 3 young (3072K), 3 survivors (3072K)
 Metaspace       used 103669K, committed 104384K, reserved 1146880K
  class space    used 13645K, committed 14016K, reserved 1048576K
}
Event: 20.713 GC heap before
{Heap before GC invocations=43 (full 0):
 garbage-first heap   total 239616K, used 154290K [0x0000000080000000, 0x0000000100000000)
  region size 1024K, 21 young (21504K), 3 survivors (3072K)
 Metaspace       used 104229K, committed 104960K, reserved 1146880K
  class space    used 13723K, committed 14080K, reserved 1048576K
}
Event: 20.714 GC heap after
{Heap after GC invocations=44 (full 0):
 garbage-first heap   total 239616K, used 138097K [0x0000000080000000, 0x0000000100000000)
  region size 1024K, 3 young (3072K), 3 survivors (3072K)
 Metaspace       used 104229K, committed 104960K, reserved 1146880K
  class space    used 13723K, committed 14080K, reserved 1048576K
}
Event: 21.225 GC heap before
{Heap before GC invocations=45 (full 0):
 garbage-first heap   total 239616K, used 171453K [0x0000000080000000, 0x0000000100000000)
  region size 1024K, 60 young (61440K), 3 survivors (3072K)
 Metaspace       used 106163K, committed 106816K, reserved 1146880K
  class space    used 13963K, committed 14272K, reserved 1048576K
}
Event: 21.229 GC heap after
{Heap after GC invocations=46 (full 0):
 garbage-first heap   total 239616K, used 118965K [0x0000000080000000, 0x0000000100000000)
  region size 1024K, 8 young (8192K), 8 survivors (8192K)
 Metaspace       used 106163K, committed 106816K, reserved 1146880K
  class space    used 13963K, committed 14272K, reserved 1048576K
}
Event: 21.241 GC heap before
{Heap before GC invocations=46 (full 0):
 garbage-first heap   total 239616K, used 121013K [0x0000000080000000, 0x0000000100000000)
  region size 1024K, 11 young (11264K), 8 survivors (8192K)
 Metaspace       used 106328K, committed 107008K, reserved 1146880K
  class space    used 13985K, committed 14336K, reserved 1048576K
}
Event: 21.245 GC heap after
{Heap after GC invocations=47 (full 0):
 garbage-first heap   total 239616K, used 98850K [0x0000000080000000, 0x0000000100000000)
  region size 1024K, 2 young (2048K), 2 survivors (2048K)
 Metaspace       used 106328K, committed 107008K, reserved 1146880K
  class space    used 13985K, committed 14336K, reserved 1048576K
}
Event: 21.564 GC heap before
{Heap before GC invocations=47 (full 0):
 garbage-first heap   total 239616K, used 187938K [0x0000000080000000, 0x0000000100000000)
  region size 1024K, 90 young (92160K), 2 survivors (2048K)
 Metaspace       used 107255K, committed 107968K, reserved 1146880K
  class space    used 14073K, committed 14400K, reserved 1048576K
}

