# JRE version: OpenJDK Runtime Environment (17.0.6) (build 17.0.6+0-b2043.56-10027231)
# Java VM: OpenJDK 64-Bit Server VM (17.0.6+0-b2043.56-10027231, mixed mode, tiered, compressed oops, compressed class ptrs, g1 gc, windows-amd64)
GC Precious Log:
 CPUs: 12 total, 12 available
 Memory: 7962M
 Large Page Support: Disabled
 NUMA Support: Disabled
 Compressed Oops: Enabled (32-bit)
 Heap Region Size: 1M
 Heap Min Capacity: 8M
 Heap Initial Capacity: 126M
 Heap Max Capacity: 2G
 Pre-touch: Disabled
 Parallel Workers: 10
 Concurrent Workers: 3
 Concurrent Refinement Workers: 10
 Periodic GC: Disabled
Heap:
 garbage-first heap   total 324608K, used 115105K [0x0000000080000000, 0x0000000100000000)
  region size 1024K, 2 young (2048K), 2 survivors (2048K)
 Metaspace       used 137870K, committed 138880K, reserved 1171456K
  class space    used 18578K, committed 19072K, reserved 1048576K
GC Heap History (20 events):
Event: 165.193 GC heap after
{Heap after GC invocations=40 (full 0):
 garbage-first heap   total 324608K, used 109065K [0x0000000080000000, 0x0000000100000000)
  region size 1024K, 2 young (2048K), 2 survivors (2048K)
 Metaspace       used 129250K, committed 130112K, reserved 1163264K
  class space    used 17839K, committed 18240K, reserved 1048576K
}
Event: 165.496 GC heap before
{Heap before GC invocations=40 (full 0):
 garbage-first heap   total 324608K, used 118281K [0x0000000080000000, 0x0000000100000000)
  region size 1024K, 12 young (12288K), 2 survivors (2048K)
 Metaspace       used 129351K, committed 130240K, reserved 1163264K
  class space    used 17839K, committed 18240K, reserved 1048576K
}
Event: 165.509 GC heap after
{Heap after GC invocations=41 (full 0):
 garbage-first heap   total 324608K, used 110887K [0x0000000080000000, 0x0000000100000000)
  region size 1024K, 4 young (4096K), 4 survivors (4096K)
 Metaspace       used 129351K, committed 130240K, reserved 1163264K
  class space    used 17839K, committed 18240K, reserved 1048576K
}
Event: 277.226 GC heap before
{Heap before GC invocations=42 (full 0):
 garbage-first heap   total 324608K, used 276775K [0x0000000080000000, 0x0000000100000000)
  region size 1024K, 133 young (136192K), 4 survivors (4096K)
 Metaspace       used 130349K, committed 131136K, reserved 1163264K
  class space    used 17835K, committed 18240K, reserved 1048576K
}
Event: 277.269 GC heap after
{Heap after GC invocations=43 (full 0):
 garbage-first heap   total 324608K, used 117562K [0x0000000080000000, 0x0000000100000000)
  region size 1024K, 8 young (8192K), 8 survivors (8192K)
 Metaspace       used 130349K, committed 131136K, reserved 1163264K
  class space    used 17835K, committed 18240K, reserved 1048576K
}
Event: 277.338 GC heap before
{Heap before GC invocations=43 (full 0):
 garbage-first heap   total 324608K, used 124730K [0x0000000080000000, 0x0000000100000000)
  region size 1024K, 15 young (15360K), 8 survivors (8192K)
 Metaspace       used 130377K, committed 131200K, reserved 1163264K
  class space    used 17837K, committed 18240K, reserved 1048576K
}
Event: 277.379 GC heap after
{Heap after GC invocations=44 (full 0):
 garbage-first heap   total 324608K, used 112694K [0x0000000080000000, 0x0000000100000000)
  region size 1024K, 2 young (2048K), 2 survivors (2048K)
 Metaspace       used 130377K, committed 131200K, reserved 1163264K
  class space    used 17837K, committed 18240K, reserved 1048576K
}
Event: 772.424 GC heap before
{Heap before GC invocations=44 (full 0):
 garbage-first heap   total 324608K, used 247862K [0x0000000080000000, 0x0000000100000000)
  region size 1024K, 134 young (137216K), 2 survivors (2048K)
 Metaspace       used 131047K, committed 131968K, reserved 1163264K
  class space    used 17897K, committed 18368K, reserved 1048576K
}
Event: 772.482 GC heap after
{Heap after GC invocations=45 (full 0):
 garbage-first heap   total 324608K, used 116424K [0x0000000080000000, 0x0000000100000000)
  region size 1024K, 6 young (6144K), 6 survivors (6144K)
 Metaspace       used 131047K, committed 131968K, reserved 1163264K
  class space    used 17897K, committed 18368K, reserved 1048576K
}
Event: 888.282 GC heap before
{Heap before GC invocations=46 (full 0):
 garbage-first heap   total 324608K, used 287432K [0x0000000080000000, 0x0000000100000000)
  region size 1024K, 140 young (143360K), 6 survivors (6144K)
 Metaspace       used 131824K, committed 132800K, reserved 1171456K
  class space    used 17902K, committed 18368K, reserved 1048576K
}
Event: 888.339 GC heap after
{Heap after GC invocations=47 (full 0):
 garbage-first heap   total 324608K, used 119016K [0x0000000080000000, 0x0000000100000000)
  region size 1024K, 6 young (6144K), 6 survivors (6144K)
 Metaspace       used 131824K, committed 132800K, reserved 1171456K
  class space    used 17902K, committed 18368K, reserved 1048576K
}
Event: 888.975 GC heap before
{Heap before GC invocations=47 (full 0):
 garbage-first heap   total 324608K, used 128232K [0x0000000080000000, 0x0000000100000000)
  region size 1024K, 15 young (15360K), 6 survivors (6144K)
 Metaspace       used 131909K, committed 132864K, reserved 1171456K
  class space    used 17910K, committed 18368K, reserved 1048576K
}
Event: 889.149 GC heap after
{Heap after GC invocations=48 (full 0):
 garbage-first heap   total 324608K, used 114871K [0x0000000080000000, 0x0000000100000000)
  region size 1024K, 2 young (2048K), 2 survivors (2048K)
 Metaspace       used 131909K, committed 132864K, reserved 1171456K
  class space    used 17910K, committed 18368K, reserved 1048576K
}
Event: 889.684 GC heap before
{Heap before GC invocations=48 (full 0):
 garbage-first heap   total 324608K, used 132279K [0x0000000080000000, 0x0000000100000000)
  region size 1024K, 21 young (21504K), 2 survivors (2048K)
 Metaspace       used 132249K, committed 133248K, reserved 1171456K
  class space    used 17948K, committed 18432K, reserved 1048576K
}
Event: 889.694 GC heap after
{Heap after GC invocations=49 (full 0):
 garbage-first heap   total 324608K, used 116914K [0x0000000080000000, 0x0000000100000000)
  region size 1024K, 4 young (4096K), 4 survivors (4096K)
 Metaspace       used 132249K, committed 133248K, reserved 1171456K
  class space    used 17948K, committed 18432K, reserved 1048576K
}
Event: 892.413 GC heap before
{Heap before GC invocations=50 (full 0):
 garbage-first heap   total 324608K, used 259250K [0x0000000080000000, 0x0000000100000000)
  region size 1024K, 125 young (128000K), 4 survivors (4096K)
 Metaspace       used 137762K, committed 138816K, reserved 1171456K
  class space    used 18563K, committed 19072K, reserved 1048576K
}
Event: 892.424 GC heap after
{Heap after GC invocations=51 (full 0):
 garbage-first heap   total 324608K, used 121962K [0x0000000080000000, 0x0000000100000000)
  region size 1024K, 9 young (9216K), 9 survivors (9216K)
 Metaspace       used 137762K, committed 138816K, reserved 1171456K
  class space    used 18563K, committed 19072K, reserved 1048576K
}
Event: 892.506 GC heap before
{Heap before GC invocations=51 (full 0):
 garbage-first heap   total 324608K, used 128106K [0x0000000080000000, 0x0000000100000000)
  region size 1024K, 15 young (15360K), 9 survivors (9216K)
 Metaspace       used 137827K, committed 138816K, reserved 1171456K
  class space    used 18570K, committed 19072K, reserved 1048576K
}
Event: 892.523 GC heap after
{Heap after GC invocations=52 (full 0):
 garbage-first heap   total 324608K, used 115494K [0x0000000080000000, 0x0000000100000000)
  region size 1024K, 2 young (2048K), 2 survivors (2048K)
 Metaspace       used 137827K, committed 138816K, reserved 1171456K
  class space    used 18570K, committed 19072K, reserved 1048576K
}
Event: 892.551 GC heap before
{Heap before GC invocations=52 (full 0):
 garbage-first heap   total 324608K, used 116518K [0x0000000080000000, 0x0000000100000000)
  region size 1024K, 4 young (4096K), 2 survivors (2048K)
 Metaspace       used 137870K, committed 138880K, reserved 1171456K
  class space    used 18578K, committed 19072K, reserved 1048576K
}

