# JRE version: OpenJDK Runtime Environment (17.0.6) (build 17.0.6+0-b2043.56-10027231)
# Java VM: OpenJDK 64-Bit Server VM (17.0.6+0-b2043.56-10027231, mixed mode, tiered, compressed oops, compressed class ptrs, g1 gc, windows-amd64)
GC Precious Log:
 CPUs: 12 total, 12 available
 Memory: 7962M
 Large Page Support: Disabled
 NUMA Support: Disabled
 Compressed Oops: Enabled (32-bit)
 Heap Region Size: 1M
 Heap Min Capacity: 8M
 Heap Initial Capacity: 126M
 Heap Max Capacity: 2G
 Pre-touch: Disabled
 Parallel Workers: 10
 Concurrent Workers: 3
 Concurrent Refinement Workers: 10
 Periodic GC: Disabled
Heap:
 garbage-first heap   total 163840K, used 84643K [0x0000000080000000, 0x0000000100000000)
  region size 1024K, 6 young (6144K), 6 survivors (6144K)
 Metaspace       used 93414K, committed 94144K, reserved 1130496K
  class space    used 12711K, committed 13056K, reserved 1048576K
GC Heap History (20 events):
Event: 2.598 GC heap after
{Heap after GC invocations=10 (full 0):
 garbage-first heap   total 89088K, used 29861K [0x0000000080000000, 0x0000000100000000)
  region size 1024K, 7 young (7168K), 7 survivors (7168K)
 Metaspace       used 43253K, committed 43712K, reserved 1089536K
  class space    used 5684K, committed 5888K, reserved 1048576K
}
Event: 2.867 GC heap before
{Heap before GC invocations=10 (full 0):
 garbage-first heap   total 89088K, used 66725K [0x0000000080000000, 0x0000000100000000)
  region size 1024K, 43 young (44032K), 7 survivors (7168K)
 Metaspace       used 47226K, committed 47680K, reserved 1097728K
  class space    used 6225K, committed 6400K, reserved 1048576K
}
Event: 2.908 GC heap after
{Heap after GC invocations=11 (full 0):
 garbage-first heap   total 89088K, used 32539K [0x0000000080000000, 0x0000000100000000)
  region size 1024K, 3 young (3072K), 3 survivors (3072K)
 Metaspace       used 47226K, committed 47680K, reserved 1097728K
  class space    used 6225K, committed 6400K, reserved 1048576K
}
Event: 3.287 GC heap before
{Heap before GC invocations=11 (full 0):
 garbage-first heap   total 89088K, used 68379K [0x0000000080000000, 0x0000000100000000)
  region size 1024K, 38 young (38912K), 3 survivors (3072K)
 Metaspace       used 52196K, committed 52672K, reserved 1097728K
  class space    used 7015K, committed 7232K, reserved 1048576K
}
Event: 3.359 GC heap after
{Heap after GC invocations=12 (full 0):
 garbage-first heap   total 89088K, used 33373K [0x0000000080000000, 0x0000000100000000)
  region size 1024K, 4 young (4096K), 4 survivors (4096K)
 Metaspace       used 52196K, committed 52672K, reserved 1097728K
  class space    used 7015K, committed 7232K, reserved 1048576K
}
Event: 3.657 GC heap before
{Heap before GC invocations=12 (full 0):
 garbage-first heap   total 89088K, used 68189K [0x0000000080000000, 0x0000000100000000)
  region size 1024K, 39 young (39936K), 4 survivors (4096K)
 Metaspace       used 53358K, committed 53824K, reserved 1097728K
  class space    used 7135K, committed 7360K, reserved 1048576K
}
Event: 3.662 GC heap after
{Heap after GC invocations=13 (full 0):
 garbage-first heap   total 178176K, used 36602K [0x0000000080000000, 0x0000000100000000)
  region size 1024K, 5 young (5120K), 5 survivors (5120K)
 Metaspace       used 53358K, committed 53824K, reserved 1097728K
  class space    used 7135K, committed 7360K, reserved 1048576K
}
Event: 4.083 GC heap before
{Heap before GC invocations=13 (full 0):
 garbage-first heap   total 178176K, used 87802K [0x0000000080000000, 0x0000000100000000)
  region size 1024K, 53 young (54272K), 5 survivors (5120K)
 Metaspace       used 59788K, committed 60288K, reserved 1105920K
  class space    used 7908K, committed 8128K, reserved 1048576K
}
Event: 4.087 GC heap after
{Heap after GC invocations=14 (full 0):
 garbage-first heap   total 178176K, used 45631K [0x0000000080000000, 0x0000000100000000)
  region size 1024K, 11 young (11264K), 11 survivors (11264K)
 Metaspace       used 59788K, committed 60288K, reserved 1105920K
  class space    used 7908K, committed 8128K, reserved 1048576K
}
Event: 4.736 GC heap before
{Heap before GC invocations=15 (full 0):
 garbage-first heap   total 163840K, used 133695K [0x0000000080000000, 0x0000000100000000)
  region size 1024K, 91 young (93184K), 11 survivors (11264K)
 Metaspace       used 69396K, committed 70016K, reserved 1114112K
  class space    used 9182K, committed 9472K, reserved 1048576K
}
Event: 4.742 GC heap after
{Heap after GC invocations=16 (full 0):
 garbage-first heap   total 163840K, used 51925K [0x0000000080000000, 0x0000000100000000)
  region size 1024K, 12 young (12288K), 12 survivors (12288K)
 Metaspace       used 69396K, committed 70016K, reserved 1114112K
  class space    used 9182K, committed 9472K, reserved 1048576K
}
Event: 5.192 GC heap before
{Heap before GC invocations=16 (full 0):
 garbage-first heap   total 163840K, used 120533K [0x0000000080000000, 0x0000000100000000)
  region size 1024K, 79 young (80896K), 12 survivors (12288K)
 Metaspace       used 76671K, committed 77248K, reserved 1122304K
  class space    used 10163K, committed 10432K, reserved 1048576K
}
Event: 5.198 GC heap after
{Heap after GC invocations=17 (full 0):
 garbage-first heap   total 163840K, used 58912K [0x0000000080000000, 0x0000000100000000)
  region size 1024K, 6 young (6144K), 6 survivors (6144K)
 Metaspace       used 76671K, committed 77248K, reserved 1122304K
  class space    used 10163K, committed 10432K, reserved 1048576K
}
Event: 5.737 GC heap before
{Heap before GC invocations=17 (full 0):
 garbage-first heap   total 163840K, used 123424K [0x0000000080000000, 0x0000000100000000)
  region size 1024K, 69 young (70656K), 6 survivors (6144K)
 Metaspace       used 83568K, committed 84160K, reserved 1122304K
  class space    used 11324K, committed 11584K, reserved 1048576K
}
Event: 5.742 GC heap after
{Heap after GC invocations=18 (full 0):
 garbage-first heap   total 163840K, used 63173K [0x0000000080000000, 0x0000000100000000)
  region size 1024K, 5 young (5120K), 5 survivors (5120K)
 Metaspace       used 83568K, committed 84160K, reserved 1122304K
  class space    used 11324K, committed 11584K, reserved 1048576K
}
Event: 6.231 GC heap before
{Heap before GC invocations=18 (full 0):
 garbage-first heap   total 163840K, used 127685K [0x0000000080000000, 0x0000000100000000)
  region size 1024K, 68 young (69632K), 5 survivors (5120K)
 Metaspace       used 89489K, committed 90176K, reserved 1130496K
  class space    used 12162K, committed 12480K, reserved 1048576K
}
Event: 6.248 GC heap after
{Heap after GC invocations=19 (full 0):
 garbage-first heap   total 163840K, used 69498K [0x0000000080000000, 0x0000000100000000)
  region size 1024K, 9 young (9216K), 9 survivors (9216K)
 Metaspace       used 89489K, committed 90176K, reserved 1130496K
  class space    used 12162K, committed 12480K, reserved 1048576K
}
Event: 6.611 GC heap before
{Heap before GC invocations=19 (full 0):
 garbage-first heap   total 163840K, used 128890K [0x0000000080000000, 0x0000000100000000)
  region size 1024K, 67 young (68608K), 9 survivors (9216K)
 Metaspace       used 92788K, committed 93440K, reserved 1130496K
  class space    used 12544K, committed 12864K, reserved 1048576K
}
Event: 6.619 GC heap after
{Heap after GC invocations=20 (full 0):
 garbage-first heap   total 163840K, used 79073K [0x0000000080000000, 0x0000000100000000)
  region size 1024K, 9 young (9216K), 9 survivors (9216K)
 Metaspace       used 92788K, committed 93440K, reserved 1130496K
  class space    used 12544K, committed 12864K, reserved 1048576K
}
Event: 6.768 GC heap before
{Heap before GC invocations=20 (full 0):
 garbage-first heap   total 163840K, used 127201K [0x0000000080000000, 0x0000000100000000)
  region size 1024K, 57 young (58368K), 9 survivors (9216K)
 Metaspace       used 93414K, committed 94144K, reserved 1130496K
  class space    used 12711K, committed 13056K, reserved 1048576K
}

